2025-08-26 14:28:54,091 - __main__ - INFO - Enhanced Initialization Script v3.3.0 initialized
2025-08-26 14:28:54,091 - __main__ - INFO - Project root: C:\Users\ASUS\Documents\DATA\POA
2025-08-26 14:28:54,092 - __main__ - INFO - Log file: logs\setup\enhanced_setup_20250826_142854.log
2025-08-26 14:29:20,852 - __main__ - INFO - Executing: docker ps -a --format '{{.Names}},{{.Image}},{{.Status}}'
2025-08-26 14:29:20,967 - __main__ - INFO - Command succeeded: docker ps -a --format '{{.Names}},{{.Image}},{{.Status}}'
2025-08-26 14:29:20,970 - __main__ - INFO - Executing: docker network ls --format '{{.Name}}'
2025-08-26 14:29:21,035 - __main__ - INFO - Command succeeded: docker network ls --format '{{.Name}}'
2025-08-26 14:29:21,037 - __main__ - INFO - Executing: docker network connect op-trading-network 'op-prometheus-recovery
2025-08-26 14:29:21,096 - __main__ - ERROR - Command failed: docker network connect op-trading-network 'op-prometheus-recovery
2025-08-26 14:29:21,098 - __main__ - INFO - Executing: docker network connect op-trading-network 'op-redis-recovery
2025-08-26 14:29:21,161 - __main__ - ERROR - Command failed: docker network connect op-trading-network 'op-redis-recovery
2025-08-26 14:29:21,163 - __main__ - INFO - Executing: docker network connect op-trading-network 'my-redis
2025-08-26 14:29:21,223 - __main__ - ERROR - Command failed: docker network connect op-trading-network 'my-redis
2025-08-26 14:29:21,225 - __main__ - INFO - Executing: docker network connect op-trading-network 'op-grafana
2025-08-26 14:29:21,285 - __main__ - ERROR - Command failed: docker network connect op-trading-network 'op-grafana
2025-08-26 14:29:21,287 - __main__ - INFO - Executing: docker network connect op-trading-network 'op-prometheus
2025-08-26 14:29:21,352 - __main__ - ERROR - Command failed: docker network connect op-trading-network 'op-prometheus
2025-08-26 14:29:21,354 - __main__ - INFO - Executing: docker network connect op-trading-network 'op-redis
2025-08-26 14:29:21,418 - __main__ - ERROR - Command failed: docker network connect op-trading-network 'op-redis
2025-08-26 14:29:21,419 - __main__ - INFO - Executing: docker network connect op-trading-network 'op-influxdb
2025-08-26 14:29:21,481 - __main__ - ERROR - Command failed: docker network connect op-trading-network 'op-influxdb
2025-08-26 14:29:21,483 - __main__ - INFO - Executing: docker network connect op-trading-network 'redis
2025-08-26 14:29:21,541 - __main__ - ERROR - Command failed: docker network connect op-trading-network 'redis
2025-08-26 14:29:21,543 - __main__ - INFO - Executing: docker network connect op-trading-network 'code-grafana-1
2025-08-26 14:29:21,602 - __main__ - ERROR - Command failed: docker network connect op-trading-network 'code-grafana-1
2025-08-26 14:29:21,604 - __main__ - INFO - Executing: docker network connect op-trading-network 'grafana
2025-08-26 14:29:21,664 - __main__ - ERROR - Command failed: docker network connect op-trading-network 'grafana
2025-08-26 14:29:21,666 - __main__ - INFO - Executing: docker network connect op-trading-network 'influxdb2-local
2025-08-26 14:29:21,726 - __main__ - ERROR - Command failed: docker network connect op-trading-network 'influxdb2-local
2025-08-26 14:29:21,728 - __main__ - INFO - Executing: docker network connect op-trading-network 'influxdb-v3
2025-08-26 14:29:21,787 - __main__ - ERROR - Command failed: docker network connect op-trading-network 'influxdb-v3
2025-08-26 14:29:22,429 - __main__ - INFO - Executing: docker exec op-redis redis-cli ping
2025-08-26 14:29:22,491 - __main__ - ERROR - Command failed: docker exec op-redis redis-cli ping
